# JRE version: Java(TM) SE Runtime Environment (8.0_111-b14) (build 1.8.0_111-b14)
# Java VM: Java HotSpot(TM) Client VM (25.111-b14 mixed mode windows-x86 )
Heap:
 def new generation   total 39424K, used 1330K [0x04800000, 0x072c0000, 0x0f2a0000)
  eden space 35072K,   0% used [0x04800000, 0x04831eb8, 0x06a40000)
  from space 4352K,  25% used [0x06e80000, 0x06f9aaf8, 0x072c0000)
  to   space 4352K,   0% used [0x06a40000, 0x06a40000, 0x06e80000)
 tenured generation   total 87424K, used 48238K [0x0f2a0000, 0x14800000, 0x24800000)
   the space 87424K,  55% used [0x0f2a0000, 0x121bbb80, 0x121bbc00, 0x14800000)
 Metaspace       used 18533K, capacity 18972K, committed 19072K, reserved 19840K
GC Heap History (10 events):
Event: 118171.770 GC heap before
{Heap before GC invocations=23 (full 1):
 def new generation   total 39424K, used 35621K [0x04800000, 0x072c0000, 0x0f2a0000)
  eden space 35072K, 100% used [0x04800000, 0x06a40000, 0x06a40000)
  from space 4352K,  12% used [0x06a40000, 0x06ac9420, 0x06e80000)
  to   space 4352K,   0% used [0x06e80000, 0x06e80000, 0x072c0000)
 tenured generation   total 87424K, used 32297K [0x0f2a0000, 0x14800000, 0x24800000)
   the space 87424K,  36% used [0x0f2a0000, 0x1122a478, 0x1122a600, 0x14800000)
 Metaspace       used 18533K, capacity 18972K, committed 19072K, reserved 19840K
Event: 118171.834 GC heap after
Heap after GC invocations=24 (full 1):
 def new generation   total 39424K, used 1431K [0x04800000, 0x072c0000, 0x0f2a0000)
  eden space 35072K,   0% used [0x04800000, 0x04800000, 0x06a40000)
  from space 4352K,  32% used [0x06e80000, 0x06fe5ee8, 0x072c0000)
  to   space 4352K,   0% used [0x06a40000, 0x06a40000, 0x06e80000)
 tenured generation   total 87424K, used 40304K [0x0f2a0000, 0x14800000, 0x24800000)
   the space 87424K,  46% used [0x0f2a0000, 0x119fc220, 0x119fc400, 0x14800000)
 Metaspace       used 18533K, capacity 18972K, committed 19072K, reserved 19840K
}
Event: 125645.767 GC heap before
{Heap before GC invocations=24 (full 1):
 def new generation   total 39424K, used 36503K [0x04800000, 0x072c0000, 0x0f2a0000)
  eden space 35072K, 100% used [0x04800000, 0x06a40000, 0x06a40000)
  from space 4352K,  32% used [0x06e80000, 0x06fe5ee8, 0x072c0000)
  to   space 4352K,   0% used [0x06a40000, 0x06a40000, 0x06e80000)
 tenured generation   total 87424K, used 40304K [0x0f2a0000, 0x14800000, 0x24800000)
   the space 87424K,  46% used [0x0f2a0000, 0x119fc220, 0x119fc400, 0x14800000)
 Metaspace       used 18533K, capacity 18972K, committed 19072K, reserved 19840K
Event: 125645.807 GC heap after
Heap after GC invocations=25 (full 1):
 def new generation   total 39424K, used 879K [0x04800000, 0x072c0000, 0x0f2a0000)
  eden space 35072K,   0% used [0x04800000, 0x04800000, 0x06a40000)
  from space 4352K,  20% used [0x06a40000, 0x06b1be78, 0x06e80000)
  to   space 4352K,   0% used [0x06e80000, 0x06e80000, 0x072c0000)
 tenured generation   total 87424K, used 40304K [0x0f2a0000, 0x14800000, 0x24800000)
   the space 87424K,  46% used [0x0f2a0000, 0x119fc250, 0x119fc400, 0x14800000)
 Metaspace       used 18533K, capacity 18972K, committed 19072K, reserved 19840K
}
Event: 127853.398 GC heap before
{Heap before GC invocations=25 (full 1):
 def new generation   total 39424K, used 35951K [0x04800000, 0x072c0000, 0x0f2a0000)
  eden space 35072K, 100% used [0x04800000, 0x06a40000, 0x06a40000)
  from space 4352K,  20% used [0x06a40000, 0x06b1be78, 0x06e80000)
  to   space 4352K,   0% used [0x06e80000, 0x06e80000, 0x072c0000)
 tenured generation   total 87424K, used 40304K [0x0f2a0000, 0x14800000, 0x24800000)
   the space 87424K,  46% used [0x0f2a0000, 0x119fc250, 0x119fc400, 0x14800000)
 Metaspace       used 18533K, capacity 18972K, committed 19072K, reserved 19840K
Event: 127853.443 GC heap after
Heap after GC invocations=26 (full 1):
 def new generation   total 39424K, used 875K [0x04800000, 0x072c0000, 0x0f2a0000)
  eden space 35072K,   0% used [0x04800000, 0x04800000, 0x06a40000)
  from space 4352K,  20% used [0x06e80000, 0x06f5ad98, 0x072c0000)
  to   space 4352K,   0% used [0x06a40000, 0x06a40000, 0x06e80000)
 tenured generation   total 87424K, used 40304K [0x0f2a0000, 0x14800000, 0x24800000)
   the space 87424K,  46% used [0x0f2a0000, 0x119fc250, 0x119fc400, 0x14800000)
 Metaspace       used 18533K, capacity 18972K, committed 19072K, reserved 19840K
}
Event: 129925.493 GC heap before
{Heap before GC invocations=26 (full 1):
 def new generation   total 39424K, used 35947K [0x04800000, 0x072c0000, 0x0f2a0000)
  eden space 35072K, 100% used [0x04800000, 0x06a40000, 0x06a40000)
  from space 4352K,  20% used [0x06e80000, 0x06f5ad98, 0x072c0000)
  to   space 4352K,   0% used [0x06a40000, 0x06a40000, 0x06e80000)
 tenured generation   total 87424K, used 40304K [0x0f2a0000, 0x14800000, 0x24800000)
   the space 87424K,  46% used [0x0f2a0000, 0x119fc250, 0x119fc400, 0x14800000)
 Metaspace       used 18533K, capacity 18972K, committed 19072K, reserved 19840K
Event: 129925.532 GC heap after
Heap after GC invocations=27 (full 1):
 def new generation   total 39424K, used 708K [0x04800000, 0x072c0000, 0x0f2a0000)
  eden space 35072K,   0% used [0x04800000, 0x04800000, 0x06a40000)
  from space 4352K,  16% used [0x06a40000, 0x06af1188, 0x06e80000)
  to   space 4352K,   0% used [0x06e80000, 0x06e80000, 0x072c0000)
 tenured generation   total 87424K, used 40469K [0x0f2a0000, 0x14800000, 0x24800000)
   the space 87424K,  46% used [0x0f2a0000, 0x11a25560, 0x11a25600, 0x14800000)
 Metaspace       used 18533K, capacity 18972K, committed 19072K, reserved 19840K
}
Event: 160660.158 GC heap before
{Heap before GC invocations=27 (full 1):
 def new generation   total 39424K, used 35755K [0x04800000, 0x072c0000, 0x0f2a0000)
  eden space 35072K,  99% used [0x04800000, 0x06a39df0, 0x06a40000)
  from space 4352K,  16% used [0x06a40000, 0x06af1188, 0x06e80000)
  to   space 4352K,   0% used [0x06e80000, 0x06e80000, 0x072c0000)
 tenured generation   total 87424K, used 40469K [0x0f2a0000, 0x14800000, 0x24800000)
   the space 87424K,  46% used [0x0f2a0000, 0x11a25560, 0x11a25600, 0x14800000)
 Metaspace       used 18533K, capacity 18972K, committed 19072K, reserved 19840K
Event: 160660.187 GC heap after
Heap after GC invocations=28 (full 1):
 def new generation   total 39424K, used 1130K [0x04800000, 0x072c0000, 0x0f2a0000)
  eden space 35072K,   0% used [0x04800000, 0x04800000, 0x06a40000)
  from space 4352K,  25% used [0x06e80000, 0x06f9aaf8, 0x072c0000)
  to   space 4352K,   0% used [0x06a40000, 0x06a40000, 0x06e80000)
 tenured generation   total 87424K, used 48238K [0x0f2a0000, 0x14800000, 0x24800000)
   the space 87424K,  55% used [0x0f2a0000, 0x121bbb80, 0x121bbc00, 0x14800000)
 Metaspace       used 18533K, capacity 18972K, committed 19072K, reserved 19840K
}

