# JRE version: Java(TM) SE Runtime Environment (8.0_111-b14) (build 1.8.0_111-b14)
# Java VM: Java HotSpot(TM) Client VM (25.111-b14 mixed mode windows-x86 )
Heap:
 def new generation   total 39424K, used 8708K [0x04c00000, 0x076c0000, 0x0f6a0000)
  eden space 35072K,  24% used [0x04c00000, 0x05481188, 0x06e40000)
  from space 4352K,   0% used [0x06e40000, 0x06e40000, 0x07280000)
  to   space 4352K,   0% used [0x07280000, 0x07280000, 0x076c0000)
 tenured generation   total 87424K, used 50863K [0x0f6a0000, 0x14c00000, 0x24c00000)
   the space 87424K,  58% used [0x0f6a0000, 0x1284bdb8, 0x1284be00, 0x14c00000)
 Metaspace       used 18987K, capacity 19416K, committed 19584K, reserved 19840K
GC Heap History (10 events):
Event: 360329.961 GC heap before
{Heap before GC invocations=176 (full 1):
 def new generation   total 39424K, used 35129K [0x04c00000, 0x076c0000, 0x0f6a0000)
  eden space 35072K, 100% used [0x04c00000, 0x06e40000, 0x06e40000)
  from space 4352K,   1% used [0x07280000, 0x0728e498, 0x076c0000)
  to   space 4352K,   0% used [0x06e40000, 0x06e40000, 0x07280000)
 tenured generation   total 87424K, used 80342K [0x0f6a0000, 0x14c00000, 0x24c00000)
   the space 87424K,  91% used [0x0f6a0000, 0x14515860, 0x14515a00, 0x14c00000)
 Metaspace       used 19093K, capacity 19556K, committed 19584K, reserved 19840K
Event: 360329.963 GC heap after
Heap after GC invocations=177 (full 1):
 def new generation   total 39424K, used 57K [0x04c00000, 0x076c0000, 0x0f6a0000)
  eden space 35072K,   0% used [0x04c00000, 0x04c00000, 0x06e40000)
  from space 4352K,   1% used [0x06e40000, 0x06e4e468, 0x07280000)
  to   space 4352K,   0% used [0x07280000, 0x07280000, 0x076c0000)
 tenured generation   total 87424K, used 80342K [0x0f6a0000, 0x14c00000, 0x24c00000)
   the space 87424K,  91% used [0x0f6a0000, 0x14515860, 0x14515a00, 0x14c00000)
 Metaspace       used 19093K, capacity 19556K, committed 19584K, reserved 19840K
}
Event: 360619.064 GC heap before
{Heap before GC invocations=177 (full 1):
 def new generation   total 39424K, used 35129K [0x04c00000, 0x076c0000, 0x0f6a0000)
  eden space 35072K, 100% used [0x04c00000, 0x06e40000, 0x06e40000)
  from space 4352K,   1% used [0x06e40000, 0x06e4e468, 0x07280000)
  to   space 4352K,   0% used [0x07280000, 0x07280000, 0x076c0000)
 tenured generation   total 87424K, used 80342K [0x0f6a0000, 0x14c00000, 0x24c00000)
   the space 87424K,  91% used [0x0f6a0000, 0x14515860, 0x14515a00, 0x14c00000)
 Metaspace       used 19093K, capacity 19556K, committed 19584K, reserved 19840K
Event: 360619.066 GC heap after
Heap after GC invocations=178 (full 1):
 def new generation   total 39424K, used 1K [0x04c00000, 0x076c0000, 0x0f6a0000)
  eden space 35072K,   0% used [0x04c00000, 0x04c00000, 0x06e40000)
  from space 4352K,   0% used [0x07280000, 0x07280440, 0x076c0000)
  to   space 4352K,   0% used [0x06e40000, 0x06e40000, 0x07280000)
 tenured generation   total 87424K, used 80396K [0x0f6a0000, 0x14c00000, 0x24c00000)
   the space 87424K,  91% used [0x0f6a0000, 0x14523028, 0x14523200, 0x14c00000)
 Metaspace       used 19093K, capacity 19556K, committed 19584K, reserved 19840K
}
Event: 360937.049 GC heap before
{Heap before GC invocations=178 (full 1):
 def new generation   total 39424K, used 35073K [0x04c00000, 0x076c0000, 0x0f6a0000)
  eden space 35072K, 100% used [0x04c00000, 0x06e40000, 0x06e40000)
  from space 4352K,   0% used [0x07280000, 0x07280440, 0x076c0000)
  to   space 4352K,   0% used [0x06e40000, 0x06e40000, 0x07280000)
 tenured generation   total 87424K, used 80396K [0x0f6a0000, 0x14c00000, 0x24c00000)
   the space 87424K,  91% used [0x0f6a0000, 0x14523028, 0x14523200, 0x14c00000)
 Metaspace       used 19093K, capacity 19556K, committed 19584K, reserved 19840K
Event: 360937.051 GC heap after
Heap after GC invocations=179 (full 1):
 def new generation   total 39424K, used 0K [0x04c00000, 0x076c0000, 0x0f6a0000)
  eden space 35072K,   0% used [0x04c00000, 0x04c00000, 0x06e40000)
  from space 4352K,   0% used [0x06e40000, 0x06e403e8, 0x07280000)
  to   space 4352K,   0% used [0x07280000, 0x07280000, 0x076c0000)
 tenured generation   total 87424K, used 80396K [0x0f6a0000, 0x14c00000, 0x24c00000)
   the space 87424K,  91% used [0x0f6a0000, 0x14523028, 0x14523200, 0x14c00000)
 Metaspace       used 19093K, capacity 19556K, committed 19584K, reserved 19840K
}
Event: 361256.568 GC heap before
{Heap before GC invocations=179 (full 1):
 def new generation   total 39424K, used 35072K [0x04c00000, 0x076c0000, 0x0f6a0000)
  eden space 35072K, 100% used [0x04c00000, 0x06e40000, 0x06e40000)
  from space 4352K,   0% used [0x06e40000, 0x06e403e8, 0x07280000)
  to   space 4352K,   0% used [0x07280000, 0x07280000, 0x076c0000)
 tenured generation   total 87424K, used 80396K [0x0f6a0000, 0x14c00000, 0x24c00000)
   the space 87424K,  91% used [0x0f6a0000, 0x14523028, 0x14523200, 0x14c00000)
 Metaspace       used 19093K, capacity 19556K, committed 19584K, reserved 19840K
Event: 361256.569 GC heap after
Heap after GC invocations=180 (full 1):
 def new generation   total 39424K, used 0K [0x04c00000, 0x076c0000, 0x0f6a0000)
  eden space 35072K,   0% used [0x04c00000, 0x04c00000, 0x06e40000)
  from space 4352K,   0% used [0x07280000, 0x072803e8, 0x076c0000)
  to   space 4352K,   0% used [0x06e40000, 0x06e40000, 0x07280000)
 tenured generation   total 87424K, used 80396K [0x0f6a0000, 0x14c00000, 0x24c00000)
   the space 87424K,  91% used [0x0f6a0000, 0x14523028, 0x14523200, 0x14c00000)
 Metaspace       used 19093K, capacity 19556K, committed 19584K, reserved 19840K
}
Event: 361469.573 GC heap before
{Heap before GC invocations=180 (full 1):
 def new generation   total 39424K, used 32222K [0x04c00000, 0x076c0000, 0x0f6a0000)
  eden space 35072K,  91% used [0x04c00000, 0x06b77810, 0x06e40000)
  from space 4352K,   0% used [0x07280000, 0x072803e8, 0x076c0000)
  to   space 4352K,   0% used [0x06e40000, 0x06e40000, 0x07280000)
 tenured generation   total 87424K, used 80396K [0x0f6a0000, 0x14c00000, 0x24c00000)
   the space 87424K,  91% used [0x0f6a0000, 0x14523028, 0x14523200, 0x14c00000)
 Metaspace       used 19093K, capacity 19556K, committed 19584K, reserved 19840K
Event: 361469.811 GC heap after
Heap after GC invocations=181 (full 2):
 def new generation   total 39424K, used 0K [0x04c00000, 0x076c0000, 0x0f6a0000)
  eden space 35072K,   0% used [0x04c00000, 0x04c00000, 0x06e40000)
  from space 4352K,   0% used [0x06e40000, 0x06e40000, 0x07280000)
  to   space 4352K,   0% used [0x07280000, 0x07280000, 0x076c0000)
 tenured generation   total 87424K, used 50863K [0x0f6a0000, 0x14c00000, 0x24c00000)
   the space 87424K,  58% used [0x0f6a0000, 0x1284bdb8, 0x1284be00, 0x14c00000)
 Metaspace       used 18987K, capacity 19416K, committed 19584K, reserved 19840K
}

